c:\users\k021g1319\source\repos\directxgame\x64\debug\vc143.pdb
c:\users\k021g1319\source\repos\directxgame\x64\debug\vc143.idb
c:\users\k021g1319\source\repos\directxgame\x64\debug\gamescene.obj
c:\users\k021g1319\source\repos\directxgame\x64\debug\main.obj
c:\users\k021g1319\source\repos\directxgame\x64\debug\input.obj
c:\users\k021g1319\source\repos\directxgame\x64\debug\winapp.obj
c:\users\k021g1319\source\repos\directxgame\x64\debug\texturemanager.obj
c:\users\k021g1319\source\repos\directxgame\x64\debug\directxcommon.obj
c:\users\k021g1319\source\repos\directxgame\x64\debug\axisindicator.obj
c:\users\k021g1319\source\repos\directxgame\x64\debug\audio.obj
c:\users\k021g1319\source\repos\directxgame\x64\debug\worldtransform.obj
c:\users\k021g1319\source\repos\directxgame\x64\debug\viewprojection.obj
c:\users\k021g1319\source\repos\directxgame\x64\debug\model.obj
c:\users\k021g1319\source\repos\directxgame\x64\debug\mesh.obj
c:\users\k021g1319\source\repos\directxgame\x64\debug\material.obj
c:\users\k021g1319\source\repos\directxgame\x64\debug\lightgroup.obj
c:\users\k021g1319\source\repos\directxgame\x64\debug\debugcamera.obj
c:\users\k021g1319\source\repos\directxgame\x64\debug\sprite.obj
c:\users\k021g1319\source\repos\directxgame\x64\debug\debugtext.obj
c:\users\k021g1319\source\repos\directxgame\x64\debug\objps.cso
c:\users\k021g1319\source\repos\directxgame\x64\debug\objvs.cso
c:\users\k021g1319\source\repos\directxgame\x64\debug\shapeps.cso
c:\users\k021g1319\source\repos\directxgame\x64\debug\shapevs.cso
c:\users\k021g1319\source\repos\directxgame\x64\debug\spriteps.cso
c:\users\k021g1319\source\repos\directxgame\x64\debug\spritevs.cso
c:\users\k021g1319\source\repos\directxgame\x64\debug\directxgame.tlog\cl.command.1.tlog
c:\users\k021g1319\source\repos\directxgame\x64\debug\directxgame.tlog\cl.read.1.tlog
c:\users\k021g1319\source\repos\directxgame\x64\debug\directxgame.tlog\cl.write.1.tlog
c:\users\k021g1319\source\repos\directxgame\x64\debug\directxgame.tlog\fxc.command.1.tlog
c:\users\k021g1319\source\repos\directxgame\x64\debug\directxgame.tlog\fxc.read.1.tlog
c:\users\k021g1319\source\repos\directxgame\x64\debug\directxgame.tlog\fxc.write.1.tlog
c:\users\k021g1319\source\repos\directxgame\x64\debug\directxgame.tlog\link.command.1.tlog
c:\users\k021g1319\source\repos\directxgame\x64\debug\directxgame.tlog\link.read.1.tlog
c:\users\k021g1319\source\repos\directxgame\x64\debug\directxgame.tlog\link.write.1.tlog
